<?xml version="1.0" encoding="UTF-8"?>
<TestRun id="6e274128-05e6-4321-909d-6e66988b59f4" name="Administrator@DAVIDVLCHEZ7576 2012-06-01 00:10:07" runUser="DAVIDVLCHEZ7576\Administrator" xmlns="http://microsoft.com/schemas/VisualStudio/TeamTest/2010">
  <TestSettings name="Local" id="d6b16968-13de-400e-a838-8719163eadcc">
    <Description>These are default test settings for a local test run.</Description>
    <Deployment userDeploymentRoot="\\psf\Home\Documents\desarrollo_limpio\mis_proyectos\dvKatas\RavenDbSpike\TestResults" useDefaultDeploymentRoot="false" runDeploymentRoot="Administrator_DAVIDVLCHEZ7576 2012-06-01 00_10_07">
      <DeploymentItem filename="\\psf\Home\Documents\desarrollo_limpio\mis_proyectos\dvKatas\RavenDbSpike\packages\RavenDB.Embedded.1.0.888\lib\net40\Raven.Client.Embedded.dll" />
      <DeploymentItem filename="\\psf\Home\Documents\desarrollo_limpio\mis_proyectos\dvKatas\RavenDbSpike\packages\RavenDB.Database.1.0.888\lib\net40\BouncyCastle.Crypto.dll" />
      <DeploymentItem filename="\\psf\Home\Documents\desarrollo_limpio\mis_proyectos\dvKatas\RavenDbSpike\packages\RavenDB.Database.1.0.888\lib\net40\ICSharpCode.NRefactory.dll" />
      <DeploymentItem filename="\\psf\Home\Documents\desarrollo_limpio\mis_proyectos\dvKatas\RavenDbSpike\packages\RavenDB.Database.1.0.888\lib\net40\Raven.Storage.Managed.dll" />
      <DeploymentItem filename="\\psf\Home\Documents\desarrollo_limpio\mis_proyectos\dvKatas\RavenDbSpike\packages\RavenDB.Database.1.0.888\lib\net40\Lucene.Net.Contrib.Spatial.dll" />
      <DeploymentItem filename="\\psf\Home\Documents\desarrollo_limpio\mis_proyectos\dvKatas\RavenDbSpike\packages\RavenDB.Client.1.0.888\lib\net40\Raven.Client.Lightweight.dll" />
      <DeploymentItem filename="\\psf\Home\Documents\desarrollo_limpio\mis_proyectos\dvKatas\RavenDbSpike\packages\RavenDB.Database.1.0.888\lib\net40\Raven.Database.dll" />
      <DeploymentItem filename="\\psf\Home\Documents\desarrollo_limpio\mis_proyectos\dvKatas\RavenDbSpike\packages\RavenDB.Client.1.0.888\lib\net40\Raven.Abstractions.dll" />
      <DeploymentItem filename="\\psf\Home\Documents\desarrollo_limpio\mis_proyectos\dvKatas\RavenDbSpike\packages\RavenDB.Database.1.0.888\lib\net40\Raven.Storage.Esent.dll" />
      <DeploymentItem filename="\\psf\Home\Documents\desarrollo_limpio\mis_proyectos\dvKatas\RavenDbSpike\packages\RavenDB.Database.1.0.888\lib\net40\Raven.Munin.dll" />
      <DeploymentItem filename="\\psf\Home\Documents\desarrollo_limpio\mis_proyectos\dvKatas\RavenDbSpike\packages\RavenDB.Database.1.0.888\lib\net40\Lucene.Net.Contrib.SpellChecker.dll" />
      <DeploymentItem filename="\\psf\Home\Documents\desarrollo_limpio\mis_proyectos\dvKatas\RavenDbSpike\packages\Newtonsoft.Json.4.0.8\lib\net40\Newtonsoft.Json.dll" />
      <DeploymentItem filename="\\psf\Home\Documents\desarrollo_limpio\mis_proyectos\dvKatas\RavenDbSpike\packages\RavenDB.Database.1.0.888\lib\net40\Esent.Interop.dll" />
      <DeploymentItem filename="\\psf\Home\Documents\desarrollo_limpio\mis_proyectos\dvKatas\RavenDbSpike\packages\RavenDB.Database.1.0.888\lib\net40\Lucene.Net.dll" />
      <DeploymentItem filename="\\psf\Home\Documents\desarrollo_limpio\mis_proyectos\dvKatas\RavenDbSpike\packages\NLog.2.0.0.2000\lib\net40\NLog.dll" />
    </Deployment>
    <Execution>
      <TestTypeSpecific>
        <UnitTestRunConfig testTypeId="13cdc9d9-ddb5-4fa4-a97d-d965ccfc6d4b">
          <AssemblyResolution>
            <TestDirectory useLoadContext="true" />
          </AssemblyResolution>
        </UnitTestRunConfig>
      </TestTypeSpecific>
      <AgentRule name="LocalMachineDefaultRole">
      </AgentRule>
    </Execution>
  </TestSettings>
  <Times creation="2012-06-01T00:10:07.5693360+02:00" queuing="2012-06-01T00:10:08.4980469+02:00" start="2012-06-01T00:10:09.1621094+02:00" finish="2012-06-01T00:10:10.5732422+02:00" />
  <ResultSummary outcome="Failed">
    <Counters total="9" executed="9" passed="6" error="0" failed="3" timeout="0" aborted="0" inconclusive="0" passedButRunAborted="0" notRunnable="0" notExecuted="0" disconnected="0" warning="0" completed="0" inProgress="0" pending="0" />
  </ResultSummary>
  <TestDefinitions>
    <UnitTest name="Load" storage="\\psf\home\documents\desarrollo_limpio\mis_proyectos\dvkatas\ravendbspike\ravendbspike.test\bin\debug\ravendbspike.test.dll" id="dd60811d-5ce5-0bd2-63d0-a91107020a5c">
      <Execution id="84b2562e-b943-4431-82d1-14669a86a19b" />
      <TestMethod codeBase="file://psf/Home/Documents/desarrollo_limpio/mis_proyectos/dvKatas/RavenDbSpike/RavenDbSpike.Test/bin/Debug/RavenDbSpike.Test.DLL" adapterTypeName="Microsoft.VisualStudio.TestTools.TestTypes.Unit.UnitTestAdapter, Microsoft.VisualStudio.QualityTools.Tips.UnitTest.Adapter, Version=10.0.0.0, Culture=neutral, PublicKeyToken=b03f5f7f11d50a3a" className="RavenDbSpike.Test.RavenDb, RavenDbSpike.Test, Version=1.0.0.0, Culture=neutral, PublicKeyToken=null" name="Load" />
    </UnitTest>
    <UnitTest name="Insert" storage="\\psf\home\documents\desarrollo_limpio\mis_proyectos\dvkatas\ravendbspike\ravendbspike.test\bin\debug\ravendbspike.test.dll" id="e0be4ebf-34e4-5382-f3f7-6217fdfa5498">
      <Execution id="0b01be39-e499-4349-bdce-b78e70480e1b" />
      <TestMethod codeBase="file://psf/Home/Documents/desarrollo_limpio/mis_proyectos/dvKatas/RavenDbSpike/RavenDbSpike.Test/bin/Debug/RavenDbSpike.Test.DLL" adapterTypeName="Microsoft.VisualStudio.TestTools.TestTypes.Unit.UnitTestAdapter, Microsoft.VisualStudio.QualityTools.Tips.UnitTest.Adapter, Version=10.0.0.0, Culture=neutral, PublicKeyToken=b03f5f7f11d50a3a" className="RavenDbSpike.Test.RavenDb, RavenDbSpike.Test, Version=1.0.0.0, Culture=neutral, PublicKeyToken=null" name="Insert" />
    </UnitTest>
    <UnitTest name="UpdateChanges" storage="\\psf\home\documents\desarrollo_limpio\mis_proyectos\dvkatas\ravendbspike\ravendbspike.test\bin\debug\ravendbspike.test.dll" id="6c56f8a6-04fc-05c5-d6db-281f6e346370">
      <Execution id="ff67e93b-c05c-48e9-87bc-6c568cd9f80a" />
      <TestMethod codeBase="file://psf/Home/Documents/desarrollo_limpio/mis_proyectos/dvKatas/RavenDbSpike/RavenDbSpike.Test/bin/Debug/RavenDbSpike.Test.DLL" adapterTypeName="Microsoft.VisualStudio.TestTools.TestTypes.Unit.UnitTestAdapter, Microsoft.VisualStudio.QualityTools.Tips.UnitTest.Adapter, Version=10.0.0.0, Culture=neutral, PublicKeyToken=b03f5f7f11d50a3a" className="RavenDbSpike.Test.RavenDb, RavenDbSpike.Test, Version=1.0.0.0, Culture=neutral, PublicKeyToken=null" name="UpdateChanges" />
    </UnitTest>
    <UnitTest name="Delete" storage="\\psf\home\documents\desarrollo_limpio\mis_proyectos\dvkatas\ravendbspike\ravendbspike.test\bin\debug\ravendbspike.test.dll" id="5559f7e3-de25-c0ed-eb7a-d1283f0a88a3">
      <Execution id="c7c38878-6b91-4427-94c7-4c2a90b97286" />
      <TestMethod codeBase="file://psf/Home/Documents/desarrollo_limpio/mis_proyectos/dvKatas/RavenDbSpike/RavenDbSpike.Test/bin/Debug/RavenDbSpike.Test.DLL" adapterTypeName="Microsoft.VisualStudio.TestTools.TestTypes.Unit.UnitTestAdapter, Microsoft.VisualStudio.QualityTools.Tips.UnitTest.Adapter, Version=10.0.0.0, Culture=neutral, PublicKeyToken=b03f5f7f11d50a3a" className="RavenDbSpike.Test.RavenDb, RavenDbSpike.Test, Version=1.0.0.0, Culture=neutral, PublicKeyToken=null" name="Delete" />
    </UnitTest>
    <OrderedTest name="OrderedTest1" storage="\\psf\home\documents\desarrollo_limpio\mis_proyectos\dvkatas\ravendbspike\ravendbspike.test\orderedtest1.orderedtest" id="711d4d8e-f1e1-4bba-a04e-ce7d6ecc3812">
      <Execution id="2f5708cc-7e39-4382-9085-ef1981d14a87" />
      <TestLinks>
        <TestLink id="e0be4ebf-34e4-5382-f3f7-6217fdfa5498" name="Insert" storage="bin\debug\ravendbspike.test.dll" type="Microsoft.VisualStudio.TestTools.TestTypes.Unit.UnitTestElement, Microsoft.VisualStudio.QualityTools.Tips.UnitTest.ObjectModel, Version=10.0.0.0, Culture=neutral, PublicKeyToken=b03f5f7f11d50a3a" />
        <TestLink id="dd60811d-5ce5-0bd2-63d0-a91107020a5c" name="Load" storage="bin\debug\ravendbspike.test.dll" type="Microsoft.VisualStudio.TestTools.TestTypes.Unit.UnitTestElement, Microsoft.VisualStudio.QualityTools.Tips.UnitTest.ObjectModel, Version=10.0.0.0, Culture=neutral, PublicKeyToken=b03f5f7f11d50a3a" />
        <TestLink id="6c56f8a6-04fc-05c5-d6db-281f6e346370" name="UpdateChanges" storage="bin\debug\ravendbspike.test.dll" type="Microsoft.VisualStudio.TestTools.TestTypes.Unit.UnitTestElement, Microsoft.VisualStudio.QualityTools.Tips.UnitTest.ObjectModel, Version=10.0.0.0, Culture=neutral, PublicKeyToken=b03f5f7f11d50a3a" />
        <TestLink id="5559f7e3-de25-c0ed-eb7a-d1283f0a88a3" name="Delete" storage="bin\debug\ravendbspike.test.dll" type="Microsoft.VisualStudio.TestTools.TestTypes.Unit.UnitTestElement, Microsoft.VisualStudio.QualityTools.Tips.UnitTest.ObjectModel, Version=10.0.0.0, Culture=neutral, PublicKeyToken=b03f5f7f11d50a3a" />
      </TestLinks>
    </OrderedTest>
  </TestDefinitions>
  <TestLists>
    <TestList name="Results Not in a List" id="8c84fa94-04c1-424b-9868-57a2d4851a1d" />
    <TestList name="All Loaded Results" id="19431567-8539-422a-85d7-44ee4e166bda" />
  </TestLists>
  <TestEntries>
    <TestEntry testId="5559f7e3-de25-c0ed-eb7a-d1283f0a88a3" executionId="c7c38878-6b91-4427-94c7-4c2a90b97286" testListId="8c84fa94-04c1-424b-9868-57a2d4851a1d" />
    <TestEntry testId="6c56f8a6-04fc-05c5-d6db-281f6e346370" executionId="ff67e93b-c05c-48e9-87bc-6c568cd9f80a" testListId="8c84fa94-04c1-424b-9868-57a2d4851a1d" />
    <TestEntry testId="711d4d8e-f1e1-4bba-a04e-ce7d6ecc3812" executionId="2f5708cc-7e39-4382-9085-ef1981d14a87" testListId="8c84fa94-04c1-424b-9868-57a2d4851a1d">
      <TestEntries>
        <TestEntry testId="e0be4ebf-34e4-5382-f3f7-6217fdfa5498" executionId="05863cc9-447f-4132-8071-7656057c630e" parentExecutionId="2f5708cc-7e39-4382-9085-ef1981d14a87" testListId="8c84fa94-04c1-424b-9868-57a2d4851a1d" />
        <TestEntry testId="dd60811d-5ce5-0bd2-63d0-a91107020a5c" executionId="b90a8a59-c2c4-4319-96a7-958fe73ddafc" parentExecutionId="2f5708cc-7e39-4382-9085-ef1981d14a87" testListId="8c84fa94-04c1-424b-9868-57a2d4851a1d" />
        <TestEntry testId="6c56f8a6-04fc-05c5-d6db-281f6e346370" executionId="0f838c9a-db17-44f3-9f6d-39189c41ef76" parentExecutionId="2f5708cc-7e39-4382-9085-ef1981d14a87" testListId="8c84fa94-04c1-424b-9868-57a2d4851a1d" />
        <TestEntry testId="5559f7e3-de25-c0ed-eb7a-d1283f0a88a3" executionId="5e17f5ce-a878-4a97-a426-cc7f115bcfa9" parentExecutionId="2f5708cc-7e39-4382-9085-ef1981d14a87" testListId="8c84fa94-04c1-424b-9868-57a2d4851a1d" />
      </TestEntries>
    </TestEntry>
    <TestEntry testId="dd60811d-5ce5-0bd2-63d0-a91107020a5c" executionId="84b2562e-b943-4431-82d1-14669a86a19b" testListId="8c84fa94-04c1-424b-9868-57a2d4851a1d" />
    <TestEntry testId="e0be4ebf-34e4-5382-f3f7-6217fdfa5498" executionId="0b01be39-e499-4349-bdce-b78e70480e1b" testListId="8c84fa94-04c1-424b-9868-57a2d4851a1d" />
  </TestEntries>
  <Results>
    <UnitTestResult executionId="c7c38878-6b91-4427-94c7-4c2a90b97286" testId="5559f7e3-de25-c0ed-eb7a-d1283f0a88a3" testName="Delete" computerName="DAVIDVLCHEZ7576" duration="00:00:00.0407369" startTime="2012-06-01T00:10:09.2412110+02:00" endTime="2012-06-01T00:10:10.0859375+02:00" testType="13cdc9d9-ddb5-4fa4-a97d-d965ccfc6d4b" outcome="Failed" testListId="8c84fa94-04c1-424b-9868-57a2d4851a1d" relativeResultsDirectory="c7c38878-6b91-4427-94c7-4c2a90b97286">
      <Output>
        <ErrorInfo>
          <Message>Test method RavenDbSpike.Test.RavenDb.Delete threw exception: 
System.ArgumentNullException: Value cannot be null.
Parameter name: key</Message>
          <StackTrace>    at System.Collections.Generic.Dictionary`2.FindEntry(TKey key)
   at System.Collections.Generic.Dictionary`2.TryGetValue(TKey key, TValue&amp; value)
   at Raven.Client.Document.InMemoryDocumentSessionOperations.Delete[T](T entity) in c:\Builds\RavenDB-Stable\Raven.Client.Lightweight\Document\InMemoryDocumentSessionOperations.cs:line 388
   at RavenDbSpike.Test.RavenDb.Delete() in \\psf\Home\Documents\desarrollo_limpio\mis_proyectos\dvKatas\RavenDbSpike\RavenDbSpike.Test\RavenDb.cs:line 65
</StackTrace>
        </ErrorInfo>
      </Output>
    </UnitTestResult>
    <UnitTestResult executionId="ff67e93b-c05c-48e9-87bc-6c568cd9f80a" testId="6c56f8a6-04fc-05c5-d6db-281f6e346370" testName="UpdateChanges" computerName="DAVIDVLCHEZ7576" duration="00:00:00.0033056" startTime="2012-06-01T00:10:10.1113282+02:00" endTime="2012-06-01T00:10:10.1201172+02:00" testType="13cdc9d9-ddb5-4fa4-a97d-d965ccfc6d4b" outcome="Failed" testListId="8c84fa94-04c1-424b-9868-57a2d4851a1d" relativeResultsDirectory="ff67e93b-c05c-48e9-87bc-6c568cd9f80a">
      <Output>
        <ErrorInfo>
          <Message>Test method RavenDbSpike.Test.RavenDb.UpdateChanges threw exception: 
System.NullReferenceException: Object reference not set to an instance of an object.</Message>
          <StackTrace>    at RavenDbSpike.Test.RavenDb.UpdateChanges() in \\psf\Home\Documents\desarrollo_limpio\mis_proyectos\dvKatas\RavenDbSpike\RavenDbSpike.Test\RavenDb.cs:line 54
</StackTrace>
        </ErrorInfo>
      </Output>
    </UnitTestResult>
    <TestResultAggregation executionId="2f5708cc-7e39-4382-9085-ef1981d14a87" testId="711d4d8e-f1e1-4bba-a04e-ce7d6ecc3812" testName="OrderedTest1" computerName="DAVIDVLCHEZ7576" duration="00:00:00.2567745" startTime="2012-06-01T00:10:10.1308594+02:00" endTime="2012-06-01T00:10:10.3935547+02:00" testType="ec4800e8-40e5-4ab3-8510-b8bf29b1904d" outcome="Passed" testListId="8c84fa94-04c1-424b-9868-57a2d4851a1d" relativeResultsDirectory="2f5708cc-7e39-4382-9085-ef1981d14a87">
      <Counters error="0" failed="0" timeout="0" aborted="0" inconclusive="0" passedButRunAborted="0" notRunnable="0" notExecuted="0" disconnected="0" warning="0" passed="4" completed="0" inProgress="0" pending="0" />
      <InnerResults>
        <UnitTestResult executionId="05863cc9-447f-4132-8071-7656057c630e" parentExecutionId="2f5708cc-7e39-4382-9085-ef1981d14a87" testId="e0be4ebf-34e4-5382-f3f7-6217fdfa5498" testName="Insert" computerName="DAVIDVLCHEZ7576" duration="00:00:00.1333419" startTime="2012-06-01T00:10:10.1357422+02:00" endTime="2012-06-01T00:10:10.2744141+02:00" testType="13cdc9d9-ddb5-4fa4-a97d-d965ccfc6d4b" outcome="Passed" testListId="8c84fa94-04c1-424b-9868-57a2d4851a1d" relativeResultsDirectory="05863cc9-447f-4132-8071-7656057c630e">
          <Output>
          </Output>
        </UnitTestResult>
        <UnitTestResult executionId="b90a8a59-c2c4-4319-96a7-958fe73ddafc" parentExecutionId="2f5708cc-7e39-4382-9085-ef1981d14a87" testId="dd60811d-5ce5-0bd2-63d0-a91107020a5c" testName="Load" computerName="DAVIDVLCHEZ7576" duration="00:00:00.0405599" startTime="2012-06-01T00:10:10.2744141+02:00" endTime="2012-06-01T00:10:10.3320313+02:00" testType="13cdc9d9-ddb5-4fa4-a97d-d965ccfc6d4b" outcome="Passed" testListId="8c84fa94-04c1-424b-9868-57a2d4851a1d" relativeResultsDirectory="b90a8a59-c2c4-4319-96a7-958fe73ddafc">
          <Output>
          </Output>
        </UnitTestResult>
        <UnitTestResult executionId="0f838c9a-db17-44f3-9f6d-39189c41ef76" parentExecutionId="2f5708cc-7e39-4382-9085-ef1981d14a87" testId="6c56f8a6-04fc-05c5-d6db-281f6e346370" testName="UpdateChanges" computerName="DAVIDVLCHEZ7576" duration="00:00:00.0089971" startTime="2012-06-01T00:10:10.3320313+02:00" endTime="2012-06-01T00:10:10.3642578+02:00" testType="13cdc9d9-ddb5-4fa4-a97d-d965ccfc6d4b" outcome="Passed" testListId="8c84fa94-04c1-424b-9868-57a2d4851a1d" relativeResultsDirectory="0f838c9a-db17-44f3-9f6d-39189c41ef76">
          <Output>
          </Output>
        </UnitTestResult>
        <UnitTestResult executionId="5e17f5ce-a878-4a97-a426-cc7f115bcfa9" parentExecutionId="2f5708cc-7e39-4382-9085-ef1981d14a87" testId="5559f7e3-de25-c0ed-eb7a-d1283f0a88a3" testName="Delete" computerName="DAVIDVLCHEZ7576" duration="00:00:00.0077979" startTime="2012-06-01T00:10:10.3652344+02:00" endTime="2012-06-01T00:10:10.3925782+02:00" testType="13cdc9d9-ddb5-4fa4-a97d-d965ccfc6d4b" outcome="Passed" testListId="8c84fa94-04c1-424b-9868-57a2d4851a1d" relativeResultsDirectory="5e17f5ce-a878-4a97-a426-cc7f115bcfa9">
          <Output>
          </Output>
        </UnitTestResult>
      </InnerResults>
    </TestResultAggregation>
    <UnitTestResult executionId="84b2562e-b943-4431-82d1-14669a86a19b" testId="dd60811d-5ce5-0bd2-63d0-a91107020a5c" testName="Load" computerName="DAVIDVLCHEZ7576" duration="00:00:00.0026896" startTime="2012-06-01T00:10:10.4150391+02:00" endTime="2012-06-01T00:10:10.4228516+02:00" testType="13cdc9d9-ddb5-4fa4-a97d-d965ccfc6d4b" outcome="Failed" testListId="8c84fa94-04c1-424b-9868-57a2d4851a1d" relativeResultsDirectory="84b2562e-b943-4431-82d1-14669a86a19b">
      <Output>
        <ErrorInfo>
          <Message>Assert.IsNotNull failed. </Message>
          <StackTrace>   at RavenDbSpike.Test.RavenDb.Load() in \\psf\Home\Documents\desarrollo_limpio\mis_proyectos\dvKatas\RavenDbSpike\RavenDbSpike.Test\RavenDb.cs:line 44
</StackTrace>
        </ErrorInfo>
      </Output>
    </UnitTestResult>
    <UnitTestResult executionId="0b01be39-e499-4349-bdce-b78e70480e1b" testId="e0be4ebf-34e4-5382-f3f7-6217fdfa5498" testName="Insert" computerName="DAVIDVLCHEZ7576" duration="00:00:00.0010342" startTime="2012-06-01T00:10:10.4335938+02:00" endTime="2012-06-01T00:10:10.4384766+02:00" testType="13cdc9d9-ddb5-4fa4-a97d-d965ccfc6d4b" outcome="Passed" testListId="8c84fa94-04c1-424b-9868-57a2d4851a1d" relativeResultsDirectory="0b01be39-e499-4349-bdce-b78e70480e1b">
    </UnitTestResult>
  </Results>
</TestRun>